2022-02-15 09:25:17,887:log_creditcard:INFO:Requested to approve credit card applications
2022-02-15 09:26:24,887:log_creditcard:INFO:Requested to approve credit card applications
2022-02-15 09:26:24,918:log_creditcard:INFO:Process completed.
2022-02-15 15:23:06,108:log_creditcard:INFO:Login or password not correct. 
2022-02-15 15:23:56,787:log_creditcard:INFO:Login or password not correct. Operation cancelled
2022-02-15 15:24:48,569:log_creditcard:INFO:Login or password not correct. Operation cancelled
2022-02-15 15:25:07,319:log_creditcard:INFO:Requested to approve credit card applications
2022-02-15 15:25:07,335:log_creditcard:INFO:Process completed.
2022-02-15 15:26:06,398:log_creditcard:INFO:------------ Starting credit card approval process....
2022-02-15 15:26:06,398:log_creditcard:INFO:Process completed.
2022-02-15 15:29:37,547:log_creditcard:INFO:------------ Starting credit card approval process....
2022-02-15 15:29:37,547:log_creditcard:INFO:------------Process completed. {} requests were processed:{} got approved, {} got rejected
2022-02-15 15:30:07,862:log_creditcard:INFO:Login or password not correct. Operation cancelled
2022-02-15 15:30:25,616:log_creditcard:INFO:------------ Starting credit card approval process....
2022-02-15 15:30:25,616:log_creditcard:INFO:------------Process completed. {} requests were processed:{} got approved, {} got rejected
2022-02-15 15:32:15,570:log_creditcard:INFO:------------ Starting credit card approval process....
2022-02-15 15:32:15,570:log_creditcard:INFO:-------Process completed: 0 requests were processed:0 got approved, 0 got rejected
2022-02-15 15:33:10,784:log_creditcard:INFO:------------ Starting credit card approval process....
2022-02-15 15:33:11,082:log_creditcard:INFO:-------Process completed: 6 requests were processed:3 got approved, 3 got rejected
--------------------------------------------------
2022-02-16 06:48:34,728:log_creditcard:INFO:Login or password not correct. Operation cancelled
2022-02-16 06:48:53,850:log_creditcard:INFO:------------ Starting credit card approval process....
2022-02-16 06:48:53,866:log_creditcard:INFO:-------Process completed: 0 requests were processed:0 got approved, 0 got rejected
2022-02-16 06:51:46,740:log_creditcard:INFO:Login or password not correct. Operation cancelled
2022-02-16 06:51:59,585:log_creditcard:INFO:------------ Starting credit card approval process....
2022-02-16 06:51:59,861:log_creditcard:INFO:-------Process completed: 6 requests were processed:3 got approved, 3 got rejected
2022-02-16 07:31:10,995:log_creditcard:INFO:------------ Starting credit card approval process....
2022-02-16 07:31:11,241:log_creditcard:INFO:-------Process completed: 6 requests were processed:3 got approved, 3 got rejected
2022-02-16 07:39:08,910:log_creditcard:INFO:------------ Starting credit card approval process....
2022-02-16 07:39:08,988:log_creditcard:INFO:-------Process completed: 1 requests were processed:1 got approved, 0 got rejected
2022-02-16 07:40:56,380:log_creditcard:INFO:------------ Starting credit card approval process....
2022-02-16 07:40:56,380:log_creditcard:INFO:-------Process completed: 0 requests were processed:0 got approved, 0 got rejected
2022-02-16 07:42:07,706:log_creditcard:INFO:------------ Starting credit card approval process....
2022-02-16 07:42:07,706:log_creditcard:INFO:-------Process completed: 0 requests were processed:0 got approved, 0 got rejected
2022-02-16 07:42:40,375:log_creditcard:INFO:------------ Starting credit card approval process....
2022-02-16 07:42:40,391:log_creditcard:INFO:-------Process completed: 0 requests were processed:0 got approved, 0 got rejected
2022-02-16 07:43:13,166:log_creditcard:INFO:------------ Starting credit card approval process....
2022-02-16 07:43:13,166:log_creditcard:INFO:-------Process completed: 0 requests were processed:0 got approved, 0 got rejected
2022-02-16 07:45:16,441:log_creditcard:INFO:------------ Starting credit card approval process....
2022-02-16 07:45:16,457:log_creditcard:INFO:-------Process completed: 0 requests were processed:0 got approved, 0 got rejected
2022-02-16 07:45:49,910:log_creditcard:INFO:------------ Starting credit card approval process....
2022-02-16 07:45:49,926:log_creditcard:INFO:-------Process completed: 0 requests were processed:0 got approved, 0 got rejected
2022-02-16 07:47:25,402:log_creditcard:INFO:------------ Starting credit card approval process....
2022-02-16 07:47:25,542:log_creditcard:INFO:-------Process completed: 1 requests were processed:1 got approved, 0 got rejected
2022-02-16 08:11:32,751:log_creditcard:INFO:------------ Starting credit card approval process....
2022-02-16 08:11:33,009:log_creditcard:INFO:-------Process completed: 6 requests were processed:3 got approved, 3 got rejected
2022-02-16 08:14:13,784:log_creditcard:INFO:------------ Starting credit card approval process....
2022-02-16 08:14:14,048:log_creditcard:INFO:-------Process completed: 6 requests were processed:3 got approved, 3 got rejected
