2022-05-31 19:44:00,028:INFO: 
2022-05-31 19:44:00,029:INFO:----------------- Integraiton-Process-1997 started at 2022-05-31_19:44:00-----------------
2022-05-31 19:44:21,386:INFO:Reaing data from processed tier for year 1997...
2022-05-31 19:44:45,775:INFO:Saving to local drive...
2022-05-31 19:44:58,213:INFO:Saved..
2022-05-31 19:45:39,355:INFO:stg_dim_date generation completed.
2022-05-31 19:45:48,449:INFO:stg_dim_origin_dest generation completed.
2022-05-31 19:45:48,793:INFO:Start writing fact_flight to files...at 20220531_194548
2022-05-31 19:46:02,694:INFO:Integraiton-Process-1997,05/31/2022-19:46:02,write,wasbs://aota@east8aota8blob.blob.core.windows.net/integrated/fact_flight,None,13,5301999,2022-05-31_19:46:01
2022-05-31 19:46:02,694:INFO:fact_flight created.
2022-05-31 19:46:02,719:INFO:---------------- Integraiton-Process-1997 completed at 2022-05-31_19:46:02----------------
2022-05-31 19:46:02,719:INFO: 
2022-05-31 19:46:02,719:INFO:----------------- Integraiton-Process-1998 started at 2022-05-31_19:46:02-----------------
2022-05-31 19:46:02,719:INFO:Reaing data from processed tier for year 1998...
2022-05-31 19:46:03,343:INFO:Saving to local drive...
2022-05-31 19:46:12,091:INFO:Saved..
2022-05-31 19:46:44,277:INFO:stg_dim_date generation completed.
2022-05-31 19:46:49,360:INFO:stg_dim_origin_dest generation completed.
2022-05-31 19:46:49,638:INFO:Start writing fact_flight to files...at 20220531_194649
2022-05-31 19:47:02,647:INFO:Integraiton-Process-1998,05/31/2022-19:47:02,write,wasbs://aota@east8aota8blob.blob.core.windows.net/integrated/fact_flight,None,13,5227051,2022-05-31_19:47:01
2022-05-31 19:47:02,648:INFO:fact_flight created.
2022-05-31 19:47:02,651:INFO:---------------- Integraiton-Process-1998 completed at 2022-05-31_19:47:02----------------
2022-05-31 19:47:02,651:INFO: 
2022-05-31 19:47:02,651:INFO:----------------- Integraiton-Process-1999 started at 2022-05-31_19:47:02-----------------
2022-05-31 19:47:02,651:INFO:Reaing data from processed tier for year 1999...
2022-05-31 19:47:03,198:INFO:Saving to local drive...
2022-05-31 19:47:12,303:INFO:Saved..
2022-05-31 19:47:45,097:INFO:stg_dim_date generation completed.
2022-05-31 19:47:49,481:INFO:stg_dim_origin_dest generation completed.
2022-05-31 19:47:49,748:INFO:Start writing fact_flight to files...at 20220531_194749
2022-05-31 19:48:01,792:INFO:Integraiton-Process-1999,05/31/2022-19:48:01,write,wasbs://aota@east8aota8blob.blob.core.windows.net/integrated/fact_flight,None,13,5360018,2022-05-31_19:48:01
2022-05-31 19:48:01,792:INFO:fact_flight created.
2022-05-31 19:48:01,797:INFO:---------------- Integraiton-Process-1999 completed at 2022-05-31_19:48:01----------------
2022-05-31 19:48:01,797:INFO: 
2022-05-31 19:48:01,797:INFO:----------------- Integraiton-Process-2000 started at 2022-05-31_19:48:01-----------------
2022-05-31 19:48:01,797:INFO:Reaing data from processed tier for year 2000...
2022-05-31 19:48:02,383:INFO:Saving to local drive...
2022-05-31 19:48:11,293:INFO:Saved..
2022-05-31 19:48:44,391:INFO:stg_dim_date generation completed.
2022-05-31 19:48:49,431:INFO:stg_dim_origin_dest generation completed.
2022-05-31 19:48:49,695:INFO:Start writing fact_flight to files...at 20220531_194849
2022-05-31 19:49:03,026:INFO:Integraiton-Process-2000,05/31/2022-19:49:03,write,wasbs://aota@east8aota8blob.blob.core.windows.net/integrated/fact_flight,None,13,5481303,2022-05-31_19:49:02
2022-05-31 19:49:03,026:INFO:fact_flight created.
2022-05-31 19:49:03,030:INFO:---------------- Integraiton-Process-2000 completed at 2022-05-31_19:49:03----------------
2022-05-31 19:49:03,030:INFO: 
2022-05-31 19:49:03,030:INFO:----------------- Integraiton-Process-2001 started at 2022-05-31_19:49:03-----------------
2022-05-31 19:49:03,030:INFO:Reaing data from processed tier for year 2001...
2022-05-31 19:49:03,696:INFO:Saving to local drive...
2022-05-31 19:49:13,333:INFO:Saved..
2022-05-31 19:49:49,534:INFO:stg_dim_date generation completed.
2022-05-31 19:49:54,127:INFO:stg_dim_origin_dest generation completed.
2022-05-31 19:49:54,405:INFO:Start writing fact_flight to files...at 20220531_194954
2022-05-31 19:50:08,362:INFO:Integraiton-Process-2001,05/31/2022-19:50:08,write,wasbs://aota@east8aota8blob.blob.core.windows.net/integrated/fact_flight,None,13,5723673,2022-05-31_19:50:07
2022-05-31 19:50:08,362:INFO:fact_flight created.
2022-05-31 19:50:08,364:INFO:---------------- Integraiton-Process-2001 completed at 2022-05-31_19:50:08----------------
2022-05-31 19:50:08,364:INFO: 
2022-05-31 19:50:08,364:INFO:----------------- Integraiton-Process-2002 started at 2022-05-31_19:50:08-----------------
2022-05-31 19:50:08,364:INFO:Reaing data from processed tier for year 2002...
2022-05-31 19:50:08,905:INFO:Saving to local drive...
2022-05-31 19:50:17,757:INFO:Saved..
2022-05-31 19:50:47,047:INFO:stg_dim_date generation completed.
2022-05-31 19:50:51,227:INFO:stg_dim_origin_dest generation completed.
2022-05-31 19:50:51,619:INFO:Start writing fact_flight to files...at 20220531_195051
2022-05-31 19:51:03,422:INFO:Integraiton-Process-2002,05/31/2022-19:51:03,write,wasbs://aota@east8aota8blob.blob.core.windows.net/integrated/fact_flight,None,13,5197860,2022-05-31_19:51:02
2022-05-31 19:51:03,423:INFO:fact_flight created.
2022-05-31 19:51:03,426:INFO:---------------- Integraiton-Process-2002 completed at 2022-05-31_19:51:03----------------
2022-05-31 19:51:03,426:INFO: 
2022-05-31 19:51:03,426:INFO:----------------- Integraiton-Process-2003 started at 2022-05-31_19:51:03-----------------
2022-05-31 19:51:03,426:INFO:Reaing data from processed tier for year 2003...
2022-05-31 19:51:03,885:INFO:Saving to local drive...
2022-05-31 19:51:14,828:INFO:Saved..
2022-05-31 19:51:50,669:INFO:stg_dim_date generation completed.
2022-05-31 19:51:55,175:INFO:stg_dim_origin_dest generation completed.
2022-05-31 19:51:55,457:INFO:Start writing fact_flight to files...at 20220531_195155
2022-05-31 19:52:09,773:INFO:Integraiton-Process-2003,05/31/2022-19:52:09,write,wasbs://aota@east8aota8blob.blob.core.windows.net/integrated/fact_flight,None,13,6375690,2022-05-31_19:52:08
2022-05-31 19:52:09,773:INFO:fact_flight created.
2022-05-31 19:52:09,775:INFO:---------------- Integraiton-Process-2003 completed at 2022-05-31_19:52:09----------------
2022-05-31 19:52:09,775:INFO: 
2022-05-31 19:52:09,775:INFO:----------------- Integraiton-Process-2004 started at 2022-05-31_19:52:09-----------------
2022-05-31 19:52:09,775:INFO:Reaing data from processed tier for year 2004...
2022-05-31 19:52:10,237:INFO:Saving to local drive...
2022-05-31 19:52:22,327:INFO:Saved..
2022-05-31 19:53:01,800:INFO:stg_dim_date generation completed.
2022-05-31 19:53:06,452:INFO:stg_dim_origin_dest generation completed.
2022-05-31 19:53:06,682:INFO:Start writing fact_flight to files...at 20220531_195306
2022-05-31 19:53:22,427:INFO:Integraiton-Process-2004,05/31/2022-19:53:22,write,wasbs://aota@east8aota8blob.blob.core.windows.net/integrated/fact_flight,None,13,6987729,2022-05-31_19:53:21
2022-05-31 19:53:22,427:INFO:fact_flight created.
2022-05-31 19:53:22,429:INFO:---------------- Integraiton-Process-2004 completed at 2022-05-31_19:53:22----------------
2022-05-31 19:53:22,429:INFO: 
2022-05-31 19:53:22,429:INFO:----------------- Integraiton-Process-2005 started at 2022-05-31_19:53:22-----------------
2022-05-31 19:53:22,429:INFO:Reaing data from processed tier for year 2005...
2022-05-31 19:53:22,834:INFO:Saving to local drive...
2022-05-31 19:53:33,856:INFO:Saved..
2022-05-31 19:54:13,271:INFO:stg_dim_date generation completed.
2022-05-31 19:54:18,375:INFO:stg_dim_origin_dest generation completed.
2022-05-31 19:54:18,732:INFO:Start writing fact_flight to files...at 20220531_195418
2022-05-31 19:54:33,516:INFO:Integraiton-Process-2005,05/31/2022-19:54:33,write,wasbs://aota@east8aota8blob.blob.core.windows.net/integrated/fact_flight,None,13,6992838,2022-05-31_19:54:32
2022-05-31 19:54:33,516:INFO:fact_flight created.
2022-05-31 19:54:33,519:INFO:---------------- Integraiton-Process-2005 completed at 2022-05-31_19:54:33----------------
2022-05-31 19:54:33,519:INFO: 
2022-05-31 19:54:33,519:INFO:----------------- Integraiton-Process-2006 started at 2022-05-31_19:54:33-----------------
2022-05-31 19:54:33,519:INFO:Reaing data from processed tier for year 2006...
2022-05-31 19:54:34,057:INFO:Saving to local drive...
2022-05-31 19:54:46,394:INFO:Saved..
2022-05-31 19:55:26,375:INFO:stg_dim_date generation completed.
2022-05-31 19:55:30,933:INFO:stg_dim_origin_dest generation completed.
2022-05-31 19:55:31,214:INFO:Start writing fact_flight to files...at 20220531_195531
2022-05-31 19:55:46,922:INFO:Integraiton-Process-2006,05/31/2022-19:55:46,write,wasbs://aota@east8aota8blob.blob.core.windows.net/integrated/fact_flight,None,13,7003802,2022-05-31_19:55:46
2022-05-31 19:55:46,922:INFO:fact_flight created.
2022-05-31 19:55:46,924:INFO:---------------- Integraiton-Process-2006 completed at 2022-05-31_19:55:46----------------
