ETL-airport,05/29/2022-17:45:18,read,wasbs://aota@east8aota8blob.blob.core.windows.net/raw/airport.csv,csv,7,3376,ETL-airport_20220529_174440
ETL-airport,05/29/2022-17:45:27,write,wasbs://aota@east8aota8blob.blob.core.windows.net/processed/airport,parquet,8,3376,ETL-airport_20220529_174440
ETL-airport,05/29/2022-17:47:49,read,wasbs://aota@east8aota8blob.blob.core.windows.net/raw/airport.csv,csv,7,3376,ETL-airport_20220529_174737
ETL-airport,05/29/2022-17:47:59,write,wasbs://aota@east8aota8blob.blob.core.windows.net/processed/airport,parquet,8,3376,ETL-airport_20220529_174737
ETL-plane,05/29/2022-17:48:02,read,wasbs://aota@east8aota8blob.blob.core.windows.net/raw/plane.csv,csv,9,5029,ETL-plane_20220529_174759
ETL-plane,05/29/2022-17:48:04,write,wasbs://aota@east8aota8blob.blob.core.windows.net/processed/plane,parquet,9,4480,ETL-plane_20220529_174759
ETL-carrier,05/29/2022-17:48:05,read,wasbs://aota@east8aota8blob.blob.core.windows.net/raw/carrier.csv,csv,2,1491,ETL-carrier_20220529_174804
ETL-carrier,05/29/2022-17:48:07,write,wasbs://aota@east8aota8blob.blob.core.windows.net/processed/carrier,parquet,2,1491,ETL-carrier_20220529_174804
ETL-flight,05/29/2022-17:48:16,read,wasbs://aota@east8aota8blob.blob.core.windows.net/raw/2000.csv.bz2,csv,29,5683047,ETL-flight_20220529_174807
ETL-flight,05/29/2022-17:48:53,write,wasbs://aota@east8aota8blob.blob.core.windows.net/processed/flight,parquet,18,5481303,ETL-flight_20220529_174807
ETL-airport,05/29/2022-17:56:55,read,wasbs://aota@east8aota8blob.blob.core.windows.net/raw/airport.csv,csv,7,3376,ETL-airport_20220529_175640
ETL-airport,05/29/2022-17:57:03,write,wasbs://aota@east8aota8blob.blob.core.windows.net/processed/airport,parquet,8,3376,ETL-airport_20220529_175640
ETL-plane,05/29/2022-17:57:06,read,wasbs://aota@east8aota8blob.blob.core.windows.net/raw/plane.csv,csv,9,5029,ETL-plane_20220529_175703
ETL-plane,05/29/2022-17:57:08,write,wasbs://aota@east8aota8blob.blob.core.windows.net/processed/plane,parquet,9,4480,ETL-plane_20220529_175703
ETL-carrier,05/29/2022-17:57:09,read,wasbs://aota@east8aota8blob.blob.core.windows.net/raw/carrier.csv,csv,2,1491,ETL-carrier_20220529_175708
ETL-carrier,05/29/2022-17:57:12,write,wasbs://aota@east8aota8blob.blob.core.windows.net/processed/carrier,parquet,2,1491,ETL-carrier_20220529_175708
ETL-flight,05/29/2022-17:57:20,read,wasbs://aota@east8aota8blob.blob.core.windows.net/raw/1997.csv.bz2,csv,29,5411843,ETL-flight_20220529_175712
ETL-flight,05/29/2022-17:57:56,write,wasbs://aota@east8aota8blob.blob.core.windows.net/processed/flight,parquet,18,5301999,ETL-flight_20220529_175712
ETL-flight,05/29/2022-17:58:04,read,wasbs://aota@east8aota8blob.blob.core.windows.net/raw/1998.csv.bz2,csv,29,5384721,ETL-flight_20220529_175756
ETL-flight,05/29/2022-17:58:37,write,wasbs://aota@east8aota8blob.blob.core.windows.net/processed/flight,parquet,18,5227051,ETL-flight_20220529_175756
ETL-flight,05/29/2022-17:58:46,read,wasbs://aota@east8aota8blob.blob.core.windows.net/raw/1999.csv.bz2,csv,29,5527884,ETL-flight_20220529_175837
ETL-flight,05/29/2022-17:59:20,write,wasbs://aota@east8aota8blob.blob.core.windows.net/processed/flight,parquet,18,5360018,ETL-flight_20220529_175837
ETL-flight,05/29/2022-17:59:28,read,wasbs://aota@east8aota8blob.blob.core.windows.net/raw/2000.csv.bz2,csv,29,5683047,ETL-flight_20220529_175920
ETL-flight,05/29/2022-18:00:05,write,wasbs://aota@east8aota8blob.blob.core.windows.net/processed/flight,parquet,18,5481303,ETL-flight_20220529_175920
ETL-flight,05/29/2022-18:00:14,read,wasbs://aota@east8aota8blob.blob.core.windows.net/raw/2001.csv.bz2,csv,29,5967780,ETL-flight_20220529_180005
ETL-flight,05/29/2022-18:00:51,write,wasbs://aota@east8aota8blob.blob.core.windows.net/processed/flight,parquet,18,5723673,ETL-flight_20220529_180005
ETL-flight,05/29/2022-18:00:59,read,wasbs://aota@east8aota8blob.blob.core.windows.net/raw/2002.csv.bz2,csv,29,5271359,ETL-flight_20220529_180051
ETL-flight,05/29/2022-18:01:32,write,wasbs://aota@east8aota8blob.blob.core.windows.net/processed/flight,parquet,18,5197860,ETL-flight_20220529_180051
ETL-flight,05/29/2022-18:01:42,read,wasbs://aota@east8aota8blob.blob.core.windows.net/raw/2003.csv.bz2,csv,29,6488540,ETL-flight_20220529_180132
ETL-flight,05/29/2022-18:02:21,write,wasbs://aota@east8aota8blob.blob.core.windows.net/processed/flight,parquet,18,6375690,ETL-flight_20220529_180132
ETL-flight,05/29/2022-18:02:31,read,wasbs://aota@east8aota8blob.blob.core.windows.net/raw/2004.csv.bz2,csv,29,7129270,ETL-flight_20220529_180221
ETL-flight,05/29/2022-18:03:15,write,wasbs://aota@east8aota8blob.blob.core.windows.net/processed/flight,parquet,18,6987729,ETL-flight_20220529_180221
ETL-flight,05/29/2022-18:03:26,read,wasbs://aota@east8aota8blob.blob.core.windows.net/raw/2005.csv.bz2,csv,29,7140596,ETL-flight_20220529_180315
ETL-flight,05/29/2022-18:04:10,write,wasbs://aota@east8aota8blob.blob.core.windows.net/processed/flight,parquet,18,6992838,ETL-flight_20220529_180315
ETL-flight,05/29/2022-18:04:20,read,wasbs://aota@east8aota8blob.blob.core.windows.net/raw/2006.csv.bz2,csv,29,7141922,ETL-flight_20220529_180410
ETL-flight,05/29/2022-18:05:04,write,wasbs://aota@east8aota8blob.blob.core.windows.net/processed/flight,parquet,18,7003802,ETL-flight_20220529_180410
Intgr-dim_carrier,05/29/2022-18:15:17,write,wasbs://aota@east8aota8blob.blob.core.windows.net/integrated/dim_carrier,None,3,1491,2022-05-29_18:15:15
