[2022-06-22 18:00:06,704] {taskinstance.py:1159} INFO - Dependencies all met for <TaskInstance: dag2_marketvol.download_data_tsla scheduled__2022-06-21T18:00:00+00:00 [queued]>
[2022-06-22 18:00:06,718] {taskinstance.py:1159} INFO - Dependencies all met for <TaskInstance: dag2_marketvol.download_data_tsla scheduled__2022-06-21T18:00:00+00:00 [queued]>
[2022-06-22 18:00:06,719] {taskinstance.py:1356} INFO - 
--------------------------------------------------------------------------------
[2022-06-22 18:00:06,719] {taskinstance.py:1357} INFO - Starting attempt 1 of 3
[2022-06-22 18:00:06,719] {taskinstance.py:1358} INFO - 
--------------------------------------------------------------------------------
[2022-06-22 18:00:06,740] {taskinstance.py:1377} INFO - Executing <Task(PythonOperator): download_data_tsla> on 2022-06-21 18:00:00+00:00
[2022-06-22 18:00:06,745] {standard_task_runner.py:52} INFO - Started process 29557 to run task
[2022-06-22 18:00:06,749] {standard_task_runner.py:79} INFO - Running: ['***', 'tasks', 'run', 'dag2_marketvol', 'download_data_tsla', 'scheduled__2022-06-21T18:00:00+00:00', '--job-id', '742', '--raw', '--subdir', 'DAGS_FOLDER/dag2_marketvol.py', '--cfg-path', '/tmp/tmpkev22603', '--error-file', '/tmp/tmpfj8450r3']
[2022-06-22 18:00:06,750] {standard_task_runner.py:80} INFO - Job 742: Subtask download_data_tsla
[2022-06-22 18:00:06,827] {task_command.py:370} INFO - Running <TaskInstance: dag2_marketvol.download_data_tsla scheduled__2022-06-21T18:00:00+00:00 [running]> on host 208c06f6f3c7
[2022-06-22 18:00:06,928] {taskinstance.py:1571} INFO - Exporting the following env vars:
AIRFLOW_CTX_DAG_OWNER=***
AIRFLOW_CTX_DAG_ID=dag2_marketvol
AIRFLOW_CTX_TASK_ID=download_data_tsla
AIRFLOW_CTX_EXECUTION_DATE=2022-06-21T18:00:00+00:00
AIRFLOW_CTX_TRY_NUMBER=1
AIRFLOW_CTX_DAG_RUN_ID=scheduled__2022-06-21T18:00:00+00:00
[2022-06-22 18:00:07,532] {logging_mixin.py:115} INFO - [*********************100%***********************]  1 of 1 completed
[2022-06-22 18:00:07,532] {logging_mixin.py:115} INFO - /tmp/data/20220622/TSLA_20220622.csv
[2022-06-22 18:00:07,552] {python.py:173} INFO - Done. Returned value was: None
[2022-06-22 18:00:07,569] {taskinstance.py:1400} INFO - Marking task as SUCCESS. dag_id=dag2_marketvol, task_id=download_data_tsla, execution_date=20220621T180000, start_date=20220622T180006, end_date=20220622T180007
[2022-06-22 18:00:07,603] {local_task_job.py:156} INFO - Task exited with return code 0
[2022-06-22 18:00:07,660] {local_task_job.py:273} INFO - 1 downstream tasks scheduled from follow-on schedule check
