[2022-06-22 18:00:05,058] {taskinstance.py:1159} INFO - Dependencies all met for <TaskInstance: dag2_marketvol.make_dir_1 scheduled__2022-06-21T18:00:00+00:00 [queued]>
[2022-06-22 18:00:05,072] {taskinstance.py:1159} INFO - Dependencies all met for <TaskInstance: dag2_marketvol.make_dir_1 scheduled__2022-06-21T18:00:00+00:00 [queued]>
[2022-06-22 18:00:05,073] {taskinstance.py:1356} INFO - 
--------------------------------------------------------------------------------
[2022-06-22 18:00:05,073] {taskinstance.py:1357} INFO - Starting attempt 1 of 3
[2022-06-22 18:00:05,073] {taskinstance.py:1358} INFO - 
--------------------------------------------------------------------------------
[2022-06-22 18:00:05,102] {taskinstance.py:1377} INFO - Executing <Task(BashOperator): make_dir_1> on 2022-06-21 18:00:00+00:00
[2022-06-22 18:00:05,110] {standard_task_runner.py:52} INFO - Started process 29549 to run task
[2022-06-22 18:00:05,115] {standard_task_runner.py:79} INFO - Running: ['***', 'tasks', 'run', 'dag2_marketvol', 'make_dir_1', 'scheduled__2022-06-21T18:00:00+00:00', '--job-id', '741', '--raw', '--subdir', 'DAGS_FOLDER/dag2_marketvol.py', '--cfg-path', '/tmp/tmp4653mq7v', '--error-file', '/tmp/tmpdswh9fz3']
[2022-06-22 18:00:05,116] {standard_task_runner.py:80} INFO - Job 741: Subtask make_dir_1
[2022-06-22 18:00:05,196] {task_command.py:370} INFO - Running <TaskInstance: dag2_marketvol.make_dir_1 scheduled__2022-06-21T18:00:00+00:00 [running]> on host 208c06f6f3c7
[2022-06-22 18:00:05,326] {taskinstance.py:1571} INFO - Exporting the following env vars:
AIRFLOW_CTX_DAG_OWNER=***
AIRFLOW_CTX_DAG_ID=dag2_marketvol
AIRFLOW_CTX_TASK_ID=make_dir_1
AIRFLOW_CTX_EXECUTION_DATE=2022-06-21T18:00:00+00:00
AIRFLOW_CTX_TRY_NUMBER=1
AIRFLOW_CTX_DAG_RUN_ID=scheduled__2022-06-21T18:00:00+00:00
[2022-06-22 18:00:05,330] {subprocess.py:62} INFO - Tmp dir root location: 
 /tmp
[2022-06-22 18:00:05,332] {subprocess.py:74} INFO - Running command: ['bash', '-c', 'bash /opt/***/dags/cr_folder.sh ']
[2022-06-22 18:00:05,378] {subprocess.py:85} INFO - Output:
[2022-06-22 18:00:05,413] {subprocess.py:92} INFO - /tmp/data/20220622
[2022-06-22 18:00:05,413] {subprocess.py:92} INFO - /tmp/data/20220622
[2022-06-22 18:00:05,422] {subprocess.py:92} INFO - rmdir: failed to remove '/tmp/data/20220622': No such file or directory
[2022-06-22 18:00:05,439] {subprocess.py:96} INFO - Command exited with return code 0
[2022-06-22 18:00:05,535] {taskinstance.py:1400} INFO - Marking task as SUCCESS. dag_id=dag2_marketvol, task_id=make_dir_1, execution_date=20220621T180000, start_date=20220622T180005, end_date=20220622T180005
[2022-06-22 18:00:05,616] {local_task_job.py:156} INFO - Task exited with return code 0
[2022-06-22 18:00:05,696] {local_task_job.py:273} INFO - 2 downstream tasks scheduled from follow-on schedule check
