[2022-06-21 18:56:38,747] {taskinstance.py:1159} INFO - Dependencies all met for <TaskInstance: dag2_marketvol.make_dir_1 scheduled__2022-06-20T19:30:00+00:00 [queued]>
[2022-06-21 18:56:38,757] {taskinstance.py:1159} INFO - Dependencies all met for <TaskInstance: dag2_marketvol.make_dir_1 scheduled__2022-06-20T19:30:00+00:00 [queued]>
[2022-06-21 18:56:38,757] {taskinstance.py:1356} INFO - 
--------------------------------------------------------------------------------
[2022-06-21 18:56:38,757] {taskinstance.py:1357} INFO - Starting attempt 1 of 3
[2022-06-21 18:56:38,757] {taskinstance.py:1358} INFO - 
--------------------------------------------------------------------------------
[2022-06-21 18:56:38,779] {taskinstance.py:1377} INFO - Executing <Task(BashOperator): make_dir_1> on 2022-06-20 19:30:00+00:00
[2022-06-21 18:56:38,783] {standard_task_runner.py:52} INFO - Started process 1891 to run task
[2022-06-21 18:56:38,787] {standard_task_runner.py:79} INFO - Running: ['***', 'tasks', 'run', 'dag2_marketvol', 'make_dir_1', 'scheduled__2022-06-20T19:30:00+00:00', '--job-id', '710', '--raw', '--subdir', 'DAGS_FOLDER/dag2_marketvol.py', '--cfg-path', '/tmp/tmp6bspfwda', '--error-file', '/tmp/tmpg7ywbl44']
[2022-06-21 18:56:38,787] {standard_task_runner.py:80} INFO - Job 710: Subtask make_dir_1
[2022-06-21 18:56:38,843] {task_command.py:370} INFO - Running <TaskInstance: dag2_marketvol.make_dir_1 scheduled__2022-06-20T19:30:00+00:00 [running]> on host 208c06f6f3c7
[2022-06-21 18:56:38,946] {taskinstance.py:1571} INFO - Exporting the following env vars:
AIRFLOW_CTX_DAG_OWNER=***
AIRFLOW_CTX_DAG_ID=dag2_marketvol
AIRFLOW_CTX_TASK_ID=make_dir_1
AIRFLOW_CTX_EXECUTION_DATE=2022-06-20T19:30:00+00:00
AIRFLOW_CTX_TRY_NUMBER=1
AIRFLOW_CTX_DAG_RUN_ID=scheduled__2022-06-20T19:30:00+00:00
[2022-06-21 18:56:38,949] {subprocess.py:62} INFO - Tmp dir root location: 
 /tmp
[2022-06-21 18:56:38,951] {subprocess.py:74} INFO - Running command: ['bash', '-c', 'bash /opt/***/dags/cr_folder.sh ']
[2022-06-21 18:56:38,964] {subprocess.py:85} INFO - Output:
[2022-06-21 18:56:39,036] {subprocess.py:92} INFO - /tmp/data/20220621
[2022-06-21 18:56:39,036] {subprocess.py:92} INFO - /tmp/data/20220621
[2022-06-21 18:56:39,050] {subprocess.py:96} INFO - Command exited with return code 0
[2022-06-21 18:56:39,083] {taskinstance.py:1400} INFO - Marking task as SUCCESS. dag_id=dag2_marketvol, task_id=make_dir_1, execution_date=20220620T193000, start_date=20220621T185638, end_date=20220621T185639
[2022-06-21 18:56:39,122] {local_task_job.py:156} INFO - Task exited with return code 0
[2022-06-21 18:56:39,178] {local_task_job.py:273} INFO - 2 downstream tasks scheduled from follow-on schedule check
