ETL-Plane,04/22/2022-15:30:45,read,C:\demo\capstone\raw\plane.csv,9,5029,ETL-Plane_20220422_153040
ETL-Plane,04/22/2022-15:30:46,write,C:\demo\capstone\processed\plane,9,4480,ETL-Plane_20220422_153040
ETL-Carrier,04/22/2022-15:30:46,read,C:\demo\capstone\raw\carrier.csv,2,1491,ETL-Carrier_20220422_153046
ETL-Carrier,04/22/2022-15:30:47,write,C:\demo\capstone\processed\carrier,2,1491,ETL-Carrier_20220422_153046
ETL-Airport,04/22/2022-15:30:47,read,C:\demo\capstone\raw\airport.csv,7,3376,ETL-Airport_20220422_153047
ETL-Airport,04/22/2022-15:30:48,write,C:\demo\capstone\processed\airport,8,3376,ETL-Airport_20220422_153047
ETL-Flight,04/22/2022-15:30:52,read,C:\demo\capstone\raw\2008.csv.bz2,29,2389217,ETL-Flight_20220422_153048
ETL-Flight,04/22/2022-15:31:19,write,C:\demo\capstone\processed\flight,30,2319121,ETL-Flight_20220422_153048
Intgr-Create-stg_flight,04/22/2022-15:31:19,read,C:\demo\capstone\processed\flight,30,2319121,2022-04-22_15:31:19
Intgr-Create-stg_flight,04/22/2022-15:31:41,write,C:\demo\capstone\integrated\stg_flight_detail,33,2319121,2022-04-22_15:31:40
Intgr-Create-dim_date,04/22/2022-15:31:41,write,C:\demo\capstone\integrated\dim_plane,10,4480,2022-04-22_15:31:41
Intgr-Create-dim_origin_dest,04/22/2022-15:31:43,write,C:\demo\capstone\integrated\dim_origin_dest,12,4839,2022-04-22_15:31:42
Intgr-Create-dim_date,04/22/2022-15:31:43,write,C:\demo\capstone\integrated\dim_date,6,121,2022-04-22_15:31:43
Intgr-Create-dim_date,04/22/2022-15:31:44,write,C:\demo\capstone\integrated\dim_plane,3,1491,2022-04-22_15:31:44
Intgr-Create-fact_flight,04/22/2022-15:31:50,write,C:\demo\capstone\integrated\fact_flight,19,2319121,2022-04-22_15:31:50
ETL-Plane,04/26/2022-15:13:21,read,C:\demo\capstone\raw\plane.csv,9,5029,ETL-Plane_20220426_151241
ETL-Plane,04/26/2022-15:13:23,write,C:\demo\capstone\processed\plane,9,4480,ETL-Plane_20220426_151241
ETL-carrier,04/26/2022-15:15:22,read,C:\demo\capstone\raw\carrier.csv,2,1491,ETL-carrier_20220426_151503
ETL-carrier,04/26/2022-15:15:24,write,C:\demo\capstone\processed\carrier,2,1491,ETL-carrier_20220426_151503
ETL-carrier,04/26/2022-15:46:31,read,C:\demo\capstone\raw\carrier.csv,2,1491,ETL-carrier_20220426_154603
ETL-carrier,04/26/2022-15:46:33,write,C:\demo\capstone\processed\carrier,3,1491,ETL-carrier_20220426_154603
ETL-Airport,04/26/2022-15:46:34,read,C:\demo\capstone\raw\airport.csv,7,3376,ETL-Airport_20220426_154633
ETL-Airport,04/26/2022-15:46:36,write,C:\demo\capstone\processed\airport,8,3376,ETL-Airport_20220426_154633
ETL-Plane,04/26/2022-15:46:36,read,C:\demo\capstone\raw\plane.csv,9,5029,ETL-Plane_20220426_154636
ETL-Plane,04/26/2022-15:46:37,write,C:\demo\capstone\processed\plane,9,4480,ETL-Plane_20220426_154636
ETL-carrier,04/26/2022-21:07:51,read,C:\demo\capstone\raw\carrier.csv,2,1491,ETL-carrier_20220426_210740
ETL-carrier,04/26/2022-21:07:52,write,C:\demo\capstone\processed\carrier,3,1491,ETL-carrier_20220426_210740
ETL-Airport,04/26/2022-21:07:52,read,C:\demo\capstone\raw\airport.csv,7,3376,ETL-Airport_20220426_210752
ETL-Airport,04/26/2022-21:07:53,write,C:\demo\capstone\processed\airport,8,3376,ETL-Airport_20220426_210752
ETL-Plane,04/26/2022-21:07:53,read,C:\demo\capstone\raw\plane.csv,9,5029,ETL-Plane_20220426_210753
ETL-Plane,04/26/2022-21:07:53,write,C:\demo\capstone\processed\plane,9,4480,ETL-Plane_20220426_210753
ETL-carrier,04/26/2022-21:20:05,read,C:\demo\capstone\raw\carrier.csv,2,1491,ETL-carrier_20220426_211955
ETL-carrier,04/26/2022-21:20:06,write,C:\demo\capstone\processed\carrier,3,1491,ETL-carrier_20220426_211955
ETL-Airport,04/26/2022-21:20:06,read,C:\demo\capstone\raw\airport.csv,7,3376,ETL-Airport_20220426_212006
ETL-Airport,04/26/2022-21:20:07,write,C:\demo\capstone\processed\airport,8,3376,ETL-Airport_20220426_212006
ETL-Plane,04/26/2022-21:20:07,read,C:\demo\capstone\raw\plane.csv,9,5029,ETL-Plane_20220426_212007
ETL-Plane,04/26/2022-21:20:07,write,C:\demo\capstone\processed\plane,9,4480,ETL-Plane_20220426_212007
ETL-carrier,04/26/2022-21:44:34,read,C:\demo\capstone\raw\carrier.csv,2,1491,ETL-carrier_20220426_214420
ETL-carrier,04/26/2022-21:44:34,write,C:\demo\capstone\processed\carrier,3,1491,ETL-carrier_20220426_214420
ETL-Airport,04/26/2022-21:44:35,read,C:\demo\capstone\raw\airport.csv,7,3376,ETL-Airport_20220426_214434
ETL-Airport,04/26/2022-21:44:35,write,C:\demo\capstone\processed\airport,8,3376,ETL-Airport_20220426_214434
ETL-Plane,04/26/2022-21:44:36,read,C:\demo\capstone\raw\plane.csv,9,5029,ETL-Plane_20220426_214435
ETL-Plane,04/26/2022-21:44:36,write,C:\demo\capstone\processed\plane,9,4480,ETL-Plane_20220426_214435
ETL-carrier,04/26/2022-21:45:17,read,C:\demo\capstone\raw\carrier.csv,2,1491,ETL-carrier_20220426_214508
ETL-carrier,04/26/2022-21:45:18,write,C:\demo\capstone\processed\carrier,3,1491,ETL-carrier_20220426_214508
ETL-Airport,04/26/2022-21:45:18,read,C:\demo\capstone\raw\airport.csv,7,3376,ETL-Airport_20220426_214518
ETL-Airport,04/26/2022-21:45:18,write,C:\demo\capstone\processed\airport,8,3376,ETL-Airport_20220426_214518
ETL-Plane,04/26/2022-21:45:19,read,C:\demo\capstone\raw\plane.csv,9,5029,ETL-Plane_20220426_214518
ETL-Plane,04/26/2022-21:45:19,write,C:\demo\capstone\processed\plane,9,4480,ETL-Plane_20220426_214518
ETL-Flight,04/26/2022-21:56:47,read,C:\demo\capstone\raw\2008.csv.bz2,29,2389217,ETL-Flight_20220426_215634
ETL-carrier,04/26/2022-22:00:17,read,C:\demo\capstone\raw\carrier.csv,2,1491,ETL-carrier_20220426_220013
ETL-carrier,04/26/2022-22:00:18,write,C:\demo\capstone\processed\carrier,3,1491,ETL-carrier_20220426_220013
ETL-Airport,04/26/2022-22:00:18,read,C:\demo\capstone\raw\airport.csv,7,3376,ETL-Airport_20220426_220018
ETL-Airport,04/26/2022-22:00:19,write,C:\demo\capstone\processed\airport,8,3376,ETL-Airport_20220426_220018
ETL-Plane,04/26/2022-22:00:19,read,C:\demo\capstone\raw\plane.csv,9,5029,ETL-Plane_20220426_220019
ETL-Plane,04/26/2022-22:00:19,write,C:\demo\capstone\processed\plane,9,4480,ETL-Plane_20220426_220019
ETL-carrier,04/26/2022-22:01:54,read,C:\demo\capstone\raw\carrier.csv,2,1491,ETL-carrier_20220426_220150
ETL-carrier,04/26/2022-22:01:54,write,C:\demo\capstone\processed\carrier,3,1491,ETL-carrier_20220426_220150
ETL-Airport,04/26/2022-22:01:55,read,C:\demo\capstone\raw\airport.csv,7,3376,ETL-Airport_20220426_220154
ETL-Airport,04/26/2022-22:01:55,write,C:\demo\capstone\processed\airport,8,3376,ETL-Airport_20220426_220154
ETL-Plane,04/26/2022-22:01:56,read,C:\demo\capstone\raw\plane.csv,9,5029,ETL-Plane_20220426_220155
ETL-Plane,04/26/2022-22:01:56,write,C:\demo\capstone\processed\plane,9,4480,ETL-Plane_20220426_220155
ETL-Airport,04/26/2022-22:46:25,read,C:\demo\capstone\raw\airport.csv,7,3376,ETL-Airport_20220426_224617
ETL-Airport,04/26/2022-22:46:27,write,C:\demo\capstone\processed\airport,8,3376,ETL-Airport_20220426_224617
ETL-carrier,04/26/2022-23:12:34,read,C:\demo\capstone\raw\carrier.csv,2,1491,ETL-carrier_20220426_231229
ETL-carrier,04/26/2022-23:12:35,write,C:\demo\capstone\processed\carrier,3,1491,ETL-carrier_20220426_231229
ETL-Airport,04/26/2022-23:12:35,read,C:\demo\capstone\raw\airport.csv,7,3376,ETL-Airport_20220426_231235
ETL-Airport,04/26/2022-23:12:36,write,C:\demo\capstone\processed\airport,8,3376,ETL-Airport_20220426_231235
ETL-plane,04/26/2022-23:12:36,read,C:\demo\capstone\raw\plane.csv,9,5029,ETL-plane_20220426_231236
ETL-plane,04/26/2022-23:12:36,write,C:\demo\capstone\processed\plane,9,4480,ETL-plane_20220426_231236
ETL-carrier,04/26/2022-23:13:27,read,C:\demo\capstone\raw\carrier.csv,2,1491,ETL-carrier_20220426_231315
ETL-carrier,04/26/2022-23:13:27,write,C:\demo\capstone\processed\carrier,3,1491,ETL-carrier_20220426_231315
ETL-Airport,04/26/2022-23:13:28,read,C:\demo\capstone\raw\airport.csv,7,3376,ETL-Airport_20220426_231327
ETL-Airport,04/26/2022-23:13:28,write,C:\demo\capstone\processed\airport,8,3376,ETL-Airport_20220426_231327
ETL-plane,04/26/2022-23:13:29,read,C:\demo\capstone\raw\plane.csv,9,5029,ETL-plane_20220426_231328
ETL-plane,04/26/2022-23:13:29,write,C:\demo\capstone\processed\plane,9,4480,ETL-plane_20220426_231328
ETL-carrier,04/26/2022-23:55:40,read,C:\demo\capstone\raw\carrier.csv,2,1491,ETL-carrier_20220426_235530
ETL-carrier,04/26/2022-23:55:41,write,C:\demo\capstone\processed\carrier,3,1491,ETL-carrier_20220426_235530
ETL-carrier,04/26/2022-23:59:04,read,C:\demo\capstone\raw\carrier.csv,2,1491,ETL-carrier_20220426_235854
ETL-carrier,04/26/2022-23:59:05,write,C:\demo\capstone\processed\carrier,3,1491,ETL-carrier_20220426_235854
ETL-plane,04/26/2022-23:59:05,read,C:\demo\capstone\raw\plane.csv,9,5029,ETL-plane_20220426_235905
ETL-plane,04/26/2022-23:59:05,write,C:\demo\capstone\processed\plane,9,4480,ETL-plane_20220426_235905
ETL-carrier,04/26/2022-23:59:54,read,C:\demo\capstone\raw\carrier.csv,2,1491,ETL-carrier_20220426_235945
ETL-carrier,04/26/2022-23:59:55,write,C:\demo\capstone\processed\carrier,3,1491,ETL-carrier_20220426_235945
ETL-plane,04/26/2022-23:59:55,read,C:\demo\capstone\raw\plane.csv,9,5029,ETL-plane_20220426_235955
ETL-carrier,04/27/2022-00:12:57,read,C:\demo\capstone\raw\carrier.csv,2,1491,ETL-carrier_20220427_001245
ETL-carrier,04/27/2022-00:12:58,write,C:\demo\capstone\processed\carrier,3,1491,ETL-carrier_20220427_001245
ETL-plane,04/27/2022-00:12:58,read,C:\demo\capstone\raw\plane.csv,9,5029,ETL-plane_20220427_001258
ETL-carrier,04/27/2022-00:14:47,read,C:\demo\capstone\raw\carrier.csv,2,1491,ETL-carrier_20220427_001438
ETL-carrier,04/27/2022-00:14:48,write,C:\demo\capstone\processed\carrier,3,1491,ETL-carrier_20220427_001438
ETL-plane,04/27/2022-00:14:48,read,C:\demo\capstone\raw\plane.csv,9,5029,ETL-plane_20220427_001448
ETL-carrier,04/27/2022-00:15:53,read,C:\demo\capstone\raw\carrier.csv,2,1491,ETL-carrier_20220427_001544
ETL-carrier,04/27/2022-00:15:54,write,C:\demo\capstone\processed\carrier,3,1491,ETL-carrier_20220427_001544
ETL-plane,04/27/2022-00:15:54,read,C:\demo\capstone\raw\plane.csv,9,5029,ETL-plane_20220427_001554
ETL-carrier,04/27/2022-00:20:51,read,C:\demo\capstone\raw\carrier.csv,2,1491,ETL-carrier_20220427_002041
ETL-carrier,04/27/2022-00:20:51,write,C:\demo\capstone\processed\carrier,3,1491,ETL-carrier_20220427_002041
ETL-plane,04/27/2022-00:20:52,read,C:\demo\capstone\raw\plane.csv,9,5029,ETL-plane_20220427_002051
ETL-plane,04/27/2022-00:20:52,write,C:\demo\capstone\processed\plane,9,4480,ETL-plane_20220427_002051
ETL-carrier,04/27/2022-00:21:43,read,C:\demo\capstone\raw\carrier.csv,2,1491,ETL-carrier_20220427_002134
ETL-carrier,04/27/2022-00:21:43,write,C:\demo\capstone\processed\carrier,3,1491,ETL-carrier_20220427_002134
ETL-plane,04/27/2022-00:21:44,read,C:\demo\capstone\raw\plane.csv,9,5029,ETL-plane_20220427_002143
ETL-carrier,04/27/2022-00:22:45,read,C:\demo\capstone\raw\carrier.csv,2,1491,ETL-carrier_20220427_002236
ETL-carrier,04/27/2022-00:22:46,write,C:\demo\capstone\processed\carrier,3,1491,ETL-carrier_20220427_002236
ETL-plane,04/27/2022-00:22:46,read,C:\demo\capstone\raw\plane.csv,9,5029,ETL-plane_20220427_002246
ETL-carrier,04/27/2022-00:23:53,read,C:\demo\capstone\raw\carrier.csv,2,1491,ETL-carrier_20220427_002344
ETL-carrier,04/27/2022-00:23:54,write,C:\demo\capstone\processed\carrier,3,1491,ETL-carrier_20220427_002344
ETL-plane,04/27/2022-00:23:54,read,C:\demo\capstone\raw\plane.csv,9,5029,ETL-plane_20220427_002354
ETL-plane,04/27/2022-00:23:54,write,C:\demo\capstone\processed\plane,9,4480,ETL-plane_20220427_002354
ETL-airport,04/27/2022-09:35:40,read,C:\demo\capstone\raw\airport.csv,7,3376,ETL-airport_20220427_093521
ETL-airport,04/27/2022-09:41:29,read,C:\demo\capstone\raw\airport.csv,7,3376,ETL-airport_20220427_094119
ETL-airport,04/27/2022-09:44:48,read,C:\demo\capstone\raw\airport.csv,7,3376,ETL-airport_20220427_094439
ETL-airport,04/27/2022-09:45:22,read,C:\demo\capstone\raw\airport.csv,7,3376,ETL-airport_20220427_094513
ETL-airport,04/27/2022-09:46:11,read,C:\demo\capstone\raw\airport.csv,7,3376,ETL-airport_20220427_094602
ETL-airport,04/27/2022-09:47:32,read,C:\demo\capstone\raw\airport.csv,7,3376,ETL-airport_20220427_094722
ETL-airport,04/27/2022-09:48:24,read,C:\demo\capstone\raw\airport.csv,7,3376,ETL-airport_20220427_094815
ETL-airport,04/27/2022-09:48:59,read,C:\demo\capstone\raw\airport.csv,7,3376,ETL-airport_20220427_094850
ETL-airport,04/27/2022-09:53:55,read,C:\demo\capstone\raw\airport.csv,7,3376,ETL-airport_20220427_095346
ETL-plane,04/27/2022-10:07:47,read,C:\demo\capstone\raw\plane.csv,9,5029,ETL-plane_20220427_100736
ETL-plane,04/27/2022-10:08:25,read,C:\demo\capstone\raw\plane.csv,9,5029,ETL-plane_20220427_100816
ETL-plane,04/27/2022-10:19:25,read,C:\demo\capstone\raw\plane.csv,9,5029,ETL-plane_20220427_101915
ETL-plane,04/27/2022-10:20:44,read,C:\demo\capstone\raw\plane.csv,9,5029,ETL-plane_20220427_102035
ETL-plane,04/27/2022-10:24:52,read,C:\demo\capstone\raw\plane.csv,9,5029,ETL-plane_20220427_102443
ETL-plane,04/27/2022-10:26:35,read,C:\demo\capstone\raw\plane.csv,9,5029,ETL-plane_20220427_102626
ETL-plane,04/27/2022-10:26:36,write,C:\demo\capstone\processed\plane,9,4480,ETL-plane_20220427_102626
ETL-plane,04/27/2022-10:27:13,read,C:\demo\capstone\raw\plane.csv,9,5029,ETL-plane_20220427_102704
ETL-plane,04/27/2022-10:27:14,write,C:\demo\capstone\processed\plane,9,4480,ETL-plane_20220427_102704
ETL-plane,04/27/2022-10:30:29,read,C:\demo\capstone\raw\plane.csv,9,5029,ETL-plane_20220427_103020
ETL-plane,04/27/2022-10:30:30,write,C:\demo\capstone\processed\plane,9,4480,ETL-plane_20220427_103020
ETL-plane,04/27/2022-10:32:07,read,C:\demo\capstone\raw\plane.csv,9,None,5029,ETL-plane_20220427_103158
ETL-plane,04/27/2022-10:32:08,write,C:\demo\capstone\processed\plane,9,parquet,4480,ETL-plane_20220427_103158
ETL-plane,04/27/2022-10:33:23,read,C:\demo\capstone\raw\plane.csv,9,csv,5029,ETL-plane_20220427_103314
ETL-plane,04/27/2022-10:33:24,write,C:\demo\capstone\processed\plane,9,parquet,4480,ETL-plane_20220427_103314
ETL-plane,04/27/2022-10:35:02,read,C:\demo\capstone\raw\plane.csv,csv,9,5029,ETL-plane_20220427_103453
ETL-plane,04/27/2022-10:35:03,write,C:\demo\capstone\processed\plane,parquet,9,4480,ETL-plane_20220427_103453
ETL-Flight,04/27/2022-10:49:22,read,C:\demo\capstone\raw\2008.csv.bz2,None,29,2389217,ETL-Flight_20220427_104910
ETL-Flight,04/27/2022-10:49:45,write,C:\demo\capstone\processed\flight,parquet,30,2319121,ETL-Flight_20220427_104910
ETL-flight,04/27/2022-11:04:37,read,C:\demo\capstone\raw\2008.csv.bz2,csv,29,2389217,ETL-flight_20220427_110421
ETL-flight,04/27/2022-11:07:48,read,C:\demo\capstone\raw\2008.csv.bz2,csv,29,2389217,ETL-flight_20220427_110737
ETL-flight,04/27/2022-11:08:11,write,C:\demo\capstone\processed\flight,parquet,30,2319121,ETL-flight_20220427_110737
ETL-flight,04/27/2022-11:17:31,read,C:\demo\capstone\raw\2008.csv.bz2,csv,0,2389217,ETL-flight_20220427_111719
ETL-flight,04/27/2022-11:18:54,read,C:\demo\capstone\raw\2008.csv.bz2,csv,0,2389217,ETL-flight_20220427_111842
ETL-flight,04/27/2022-11:26:56,read,C:\demo\capstone\raw\2008.csv.bz2,csv,29,2389217,ETL-flight_20220427_112636
ETL-flight,04/27/2022-11:27:14,write,C:\demo\capstone\processed\flight,parquet,30,2319121,ETL-flight_20220427_112636
ETL-airport,04/27/2022-11:36:31,read,C:\demo\capstone\raw\airport.csv,csv,7,3376,ETL-airport_20220427_113620
ETL-airport,04/27/2022-11:36:33,write,C:\demo\capstone\processed\airport,parquet,8,3376,ETL-airport_20220427_113620
ETL-carrier,04/27/2022-11:45:52,read,C:\demo\capstone\raw\carrier.csv,csv,2,1491,ETL-carrier_20220427_114543
ETL-carrier,04/27/2022-11:45:53,write,C:\demo\capstone\processed\carrier,parquet,2,1491,ETL-carrier_20220427_114543
ETL-carrier,04/27/2022-12:02:45,read,C:\demo\capstone\raw\carrier.csv,csv,2,1491,ETL-carrier_20220427_120233
ETL-carrier,04/27/2022-12:02:45,write,C:\demo\capstone\processed\carrier,parquet,2,1491,ETL-carrier_20220427_120233
ETL-carrier,04/27/2022-15:24:41,read,C:\demo\capstone\raw\carrier.csv,csv,2,1491,ETL-carrier_20220427_152428
ETL-carrier,04/27/2022-15:24:42,write,C:\demo\capstone\processed\carrier,parquet,2,1491,ETL-carrier_20220427_152428
ETL-flight,04/29/2022-07:08:10,read,C:\demo\capstone\raw\1988.csv.bz2,csv,29,5202096,ETL-flight_20220429_070739
ETL-flight,04/29/2022-07:44:26,read,C:\demo\capstone\raw\1988.csv.bz2,csv,29,5202096,ETL-flight_20220429_074358
ETL-flight,04/29/2022-07:44:56,write,C:\demo\capstone\processed\flight,parquet,30,5137497,ETL-flight_20220429_074358
ETL-flight,04/29/2022-10:00:31,read,C:\demo\capstone\raw\1989.csv.bz2,csv,29,5041200,ETL-flight_20220429_100005
ETL-flight,04/29/2022-10:00:58,write,C:\demo\capstone\processed\flight,parquet,30,4952196,ETL-flight_20220429_100005
ETL-flight,04/29/2022-10:05:50,read,C:\demo\capstone\raw\1989.csv.bz2,csv,29,5041200,ETL-flight_20220429_100526
ETL-flight,04/29/2022-10:06:21,write,C:\demo\capstone\processed\flight,parquet,30,4952196,ETL-flight_20220429_100526
ETL-flight,04/29/2022-10:07:01,read,C:\demo\capstone\raw\1989.csv.bz2,csv,29,5041200,ETL-flight_20220429_100638
ETL-flight,04/29/2022-10:21:15,read,C:\demo\capstone\raw\1989.csv.bz2,csv,29,5041200,ETL-flight_20220429_102052
ETL-flight,04/29/2022-10:23:04,read,C:\demo\capstone\raw\1989.csv.bz2,csv,29,5041200,ETL-flight_20220429_102241
ETL-flight,04/29/2022-10:23:33,read,C:\demo\capstone\raw\1989.csv.bz2,csv,29,5041200,ETL-flight_20220429_102319
ETL-flight,04/29/2022-10:24:02,read,C:\demo\capstone\raw\1989.csv.bz2,csv,29,5041200,ETL-flight_20220429_102348
ETL-flight,04/29/2022-10:24:59,write,C:\demo\capstone\processed\flight,parquet,30,4952196,ETL-flight_20220429_102348
ETL-flight,04/29/2022-10:26:01,read,C:\demo\capstone\raw\1989.csv.bz2,csv,29,5041200,ETL-flight_20220429_102547
ETL-flight,04/29/2022-10:27:00,write,C:\demo\capstone\processed\flight,parquet,30,4952196,ETL-flight_20220429_102547
ETL-flight,04/29/2022-10:28:20,read,C:\demo\capstone\raw\1987.csv.bz2,csv,29,1311826,ETL-flight_20220429_102809
ETL-flight,04/29/2022-10:28:39,write,C:\demo\capstone\processed\flight,parquet,30,1288326,ETL-flight_20220429_102809
ETL-flight,04/30/2022-07:26:40,read,C:\demo\capstone\raw\1987.csv.bz2,csv,29,1311826,ETL-flight_20220430_072620
ETL-flight,04/30/2022-07:27:04,write,C:\demo\capstone\processed\flight,parquet,30,1288326,ETL-flight_20220430_072620
ETL-flight,04/30/2022-07:56:49,read,C:\demo\capstone\raw\1987.csv.bz2,csv,29,1311826,ETL-flight_20220430_075636
ETL-flight,04/30/2022-07:57:16,write,C:\demo\capstone\processed\flight,parquet,30,1288326,ETL-flight_20220430_075636
Intgr-Create-stg_flight,04/30/2022-08:12:07,read,C:\demo\capstone\processed\flight,None,30,1288326,2022-04-30_08:12:06
Intgr-Create-stg_flight,04/30/2022-08:12:26,write,C:\demo\capstone\integrated\stg_flight_detail,None,33,1288326,2022-04-30_08:12:26
Intgr-Create-dim_date,04/30/2022-08:12:27,write,C:\demo\capstone\integrated\dim_plane,None,10,4480,2022-04-30_08:12:27
Intgr-Create-dim_origin_dest,04/30/2022-08:12:29,write,C:\demo\capstone\integrated\dim_origin_dest,None,12,392,2022-04-30_08:12:28
Intgr-Create-dim_date,04/30/2022-08:12:29,write,C:\demo\capstone\integrated\dim_date,None,6,31,2022-04-30_08:12:29
Intgr-Create-dim_date,04/30/2022-08:12:30,write,C:\demo\capstone\integrated\dim_plane,None,3,1491,2022-04-30_08:12:30
Intgr-Create-fact_flight,04/30/2022-08:12:32,write,C:\demo\capstone\integrated\fact_flight,None,19,0,2022-04-30_08:12:31
ETL-flight,04/30/2022-11:00:24,read,C:\demo\capstone\raw\1987.csv.bz2,csv,29,1311826,ETL-flight_20220430_110008
ETL-flight,04/30/2022-11:00:45,write,C:\demo\capstone\processed\flight,parquet,30,1288326,ETL-flight_20220430_110008
ETL-airport,04/30/2022-11:14:23,read,C:\demo\capstone\raw\airport.csv,csv,7,3376,ETL-airport_20220430_111418
ETL-airport,04/30/2022-11:14:24,write,C:\demo\capstone\processed\airport,parquet,8,3376,ETL-airport_20220430_111418
ETL-plane,04/30/2022-11:14:25,read,C:\demo\capstone\raw\plane.csv,csv,9,5029,ETL-plane_20220430_111424
ETL-plane,04/30/2022-11:14:25,write,C:\demo\capstone\processed\plane,parquet,9,4480,ETL-plane_20220430_111424
ETL-carrier,04/30/2022-11:14:25,read,C:\demo\capstone\raw\carrier.csv,csv,0,0,ETL-carrier_20220430_111425
ETL-carrier,04/30/2022-11:14:25,write,C:\demo\capstone\processed\carrier,parquet,0,0,ETL-carrier_20220430_111425
ETL-flight,04/30/2022-11:14:28,read,C:\demo\capstone\raw\1987.csv.bz2,csv,29,1311826,ETL-flight_20220430_111425
ETL-flight,04/30/2022-11:14:52,write,C:\demo\capstone\processed\flight,parquet,30,1288326,ETL-flight_20220430_111425
ETL-airport,04/30/2022-11:22:48,read,C:\demo\capstone\raw\airport.csv,csv,7,3376,ETL-airport_20220430_112240
ETL-airport,04/30/2022-11:22:51,write,C:\demo\capstone\processed\airport,parquet,8,3376,ETL-airport_20220430_112240
ETL-plane,04/30/2022-11:22:51,read,C:\demo\capstone\raw\plane.csv,csv,9,5029,ETL-plane_20220430_112251
ETL-plane,04/30/2022-11:22:52,write,C:\demo\capstone\processed\plane,parquet,9,4480,ETL-plane_20220430_112251
ETL-carrier,04/30/2022-11:22:52,read,C:\demo\capstone\raw\carrier.csv,csv,0,0,ETL-carrier_20220430_112252
ETL-carrier,04/30/2022-11:22:52,write,C:\demo\capstone\processed\carrier,parquet,0,0,ETL-carrier_20220430_112252
Intgr-Create-stg_flight,05/01/2022-08:15:46,read,C:\demo\capstone\processed\flight,None,23,52648161,2022-05-01_08:15:45
Intgr-Create-dim_date,05/01/2022-08:48:47,write,C:\demo\capstone\integrated\dim_plane,None,3,1491,2022-05-01_08:48:47
Intgr-Create-dim_date,05/01/2022-08:48:48,write,C:\demo\capstone\integrated\dim_plane,None,10,4480,2022-05-01_08:48:48
fact-table-generation,05/01/2022-08:48:49,read,C:\demo\capstone\processed\flight,None,23,52648161,2022-05-01_08:48:48
fact-table-generation,05/01/2022-08:56:41,write,C:\demo\capstone\integrated\fact_flight,None,23,52648161,2022-05-01_08:48:48
ETL-airport,05/01/2022-09:18:48,read,C:\demo\capstone\raw\airport.csv,csv,7,3376,ETL-airport_20220501_091843
ETL-airport,05/01/2022-09:18:49,write,C:\demo\capstone\processed\airport,parquet,8,3376,ETL-airport_20220501_091843
ETL-plane,05/01/2022-09:18:49,read,C:\demo\capstone\raw\plane.csv,csv,9,5029,ETL-plane_20220501_091849
ETL-plane,05/01/2022-09:18:50,write,C:\demo\capstone\processed\plane,parquet,9,4480,ETL-plane_20220501_091849
ETL-carrier,05/01/2022-09:18:50,read,C:\demo\capstone\raw\carrier.csv,csv,0,0,ETL-carrier_20220501_091850
ETL-carrier,05/01/2022-09:18:50,write,C:\demo\capstone\processed\carrier,parquet,0,0,ETL-carrier_20220501_091850
ETL-flight,05/01/2022-09:18:57,read,C:\demo\capstone\raw\1997.csv.bz2,csv,29,5411843,ETL-flight_20220501_091850
ETL-flight,05/01/2022-09:19:51,write,C:\demo\capstone\processed\flight,parquet,23,5301999,ETL-flight_20220501_091850
ETL-flight,05/01/2022-09:19:58,read,C:\demo\capstone\raw\1998.csv.bz2,csv,29,5384721,ETL-flight_20220501_091951
ETL-flight,05/01/2022-09:20:51,write,C:\demo\capstone\processed\flight,parquet,23,5227051,ETL-flight_20220501_091951
ETL-flight,05/01/2022-09:20:57,read,C:\demo\capstone\raw\1999.csv.bz2,csv,29,5527884,ETL-flight_20220501_092051
ETL-flight,05/01/2022-09:21:49,write,C:\demo\capstone\processed\flight,parquet,23,5360018,ETL-flight_20220501_092051
ETL-flight,05/01/2022-09:21:56,read,C:\demo\capstone\raw\2000.csv.bz2,csv,29,5683047,ETL-flight_20220501_092149
ETL-flight,05/01/2022-09:22:49,write,C:\demo\capstone\processed\flight,parquet,23,5481303,ETL-flight_20220501_092149
ETL-flight,05/01/2022-09:22:57,read,C:\demo\capstone\raw\2001.csv.bz2,csv,29,5967780,ETL-flight_20220501_092249
ETL-flight,05/01/2022-09:23:55,write,C:\demo\capstone\processed\flight,parquet,23,5723673,ETL-flight_20220501_092249
ETL-flight,05/01/2022-09:24:01,read,C:\demo\capstone\raw\2002.csv.bz2,csv,29,5271359,ETL-flight_20220501_092355
ETL-flight,05/01/2022-09:24:54,write,C:\demo\capstone\processed\flight,parquet,23,5197860,ETL-flight_20220501_092355
ETL-flight,05/01/2022-09:25:02,read,C:\demo\capstone\raw\2003.csv.bz2,csv,29,6488540,ETL-flight_20220501_092454
ETL-flight,05/01/2022-09:25:59,write,C:\demo\capstone\processed\flight,parquet,23,6375690,ETL-flight_20220501_092454
ETL-flight,05/01/2022-09:26:08,read,C:\demo\capstone\raw\2004.csv.bz2,csv,29,7129270,ETL-flight_20220501_092559
ETL-flight,05/01/2022-09:26:49,write,C:\demo\capstone\processed\flight,parquet,23,6987729,ETL-flight_20220501_092559
ETL-flight,05/01/2022-09:26:57,read,C:\demo\capstone\raw\2005.csv.bz2,csv,29,7140596,ETL-flight_20220501_092649
ETL-flight,05/01/2022-09:27:38,write,C:\demo\capstone\processed\flight,parquet,23,6992838,ETL-flight_20220501_092649
