[2022-06-21 18:56:42,415] {taskinstance.py:1159} INFO - Dependencies all met for <TaskInstance: dag2_marketvol.mv_file2 scheduled__2022-06-20T19:30:00+00:00 [queued]>
[2022-06-21 18:56:42,423] {taskinstance.py:1159} INFO - Dependencies all met for <TaskInstance: dag2_marketvol.mv_file2 scheduled__2022-06-20T19:30:00+00:00 [queued]>
[2022-06-21 18:56:42,423] {taskinstance.py:1356} INFO - 
--------------------------------------------------------------------------------
[2022-06-21 18:56:42,423] {taskinstance.py:1357} INFO - Starting attempt 1 of 3
[2022-06-21 18:56:42,423] {taskinstance.py:1358} INFO - 
--------------------------------------------------------------------------------
[2022-06-21 18:56:42,438] {taskinstance.py:1377} INFO - Executing <Task(BashOperator): mv_file2> on 2022-06-20 19:30:00+00:00
[2022-06-21 18:56:42,443] {standard_task_runner.py:52} INFO - Started process 1917 to run task
[2022-06-21 18:56:42,446] {standard_task_runner.py:79} INFO - Running: ['***', 'tasks', 'run', 'dag2_marketvol', 'mv_file2', 'scheduled__2022-06-20T19:30:00+00:00', '--job-id', '713', '--raw', '--subdir', 'DAGS_FOLDER/dag2_marketvol.py', '--cfg-path', '/tmp/tmpygj2zebv', '--error-file', '/tmp/tmpitejnmbt']
[2022-06-21 18:56:42,447] {standard_task_runner.py:80} INFO - Job 713: Subtask mv_file2
[2022-06-21 18:56:42,503] {task_command.py:370} INFO - Running <TaskInstance: dag2_marketvol.mv_file2 scheduled__2022-06-20T19:30:00+00:00 [running]> on host 208c06f6f3c7
[2022-06-21 18:56:42,580] {taskinstance.py:1571} INFO - Exporting the following env vars:
AIRFLOW_CTX_DAG_OWNER=***
AIRFLOW_CTX_DAG_ID=dag2_marketvol
AIRFLOW_CTX_TASK_ID=mv_file2
AIRFLOW_CTX_EXECUTION_DATE=2022-06-20T19:30:00+00:00
AIRFLOW_CTX_TRY_NUMBER=1
AIRFLOW_CTX_DAG_RUN_ID=scheduled__2022-06-20T19:30:00+00:00
[2022-06-21 18:56:42,581] {subprocess.py:62} INFO - Tmp dir root location: 
 /tmp
[2022-06-21 18:56:42,581] {subprocess.py:74} INFO - Running command: ['bash', '-c', 'bash /opt/***/dags/mv_file2.sh ']
[2022-06-21 18:56:42,593] {subprocess.py:85} INFO - Output:
[2022-06-21 18:56:42,597] {subprocess.py:92} INFO - /tmp/data/20220621
[2022-06-21 18:56:42,597] {subprocess.py:92} INFO - /tmp/data/20220621
[2022-06-21 18:56:42,608] {subprocess.py:96} INFO - Command exited with return code 0
[2022-06-21 18:56:42,639] {taskinstance.py:1400} INFO - Marking task as SUCCESS. dag_id=dag2_marketvol, task_id=mv_file2, execution_date=20220620T193000, start_date=20220621T185642, end_date=20220621T185642
[2022-06-21 18:56:42,659] {local_task_job.py:156} INFO - Task exited with return code 0
[2022-06-21 18:56:42,694] {local_task_job.py:273} INFO - 1 downstream tasks scheduled from follow-on schedule check
