[2022-06-21 18:56:40,135] {taskinstance.py:1159} INFO - Dependencies all met for <TaskInstance: dag2_marketvol.download_data_tsla scheduled__2022-06-20T19:30:00+00:00 [queued]>
[2022-06-21 18:56:40,144] {taskinstance.py:1159} INFO - Dependencies all met for <TaskInstance: dag2_marketvol.download_data_tsla scheduled__2022-06-20T19:30:00+00:00 [queued]>
[2022-06-21 18:56:40,144] {taskinstance.py:1356} INFO - 
--------------------------------------------------------------------------------
[2022-06-21 18:56:40,144] {taskinstance.py:1357} INFO - Starting attempt 1 of 3
[2022-06-21 18:56:40,144] {taskinstance.py:1358} INFO - 
--------------------------------------------------------------------------------
[2022-06-21 18:56:40,161] {taskinstance.py:1377} INFO - Executing <Task(PythonOperator): download_data_tsla> on 2022-06-20 19:30:00+00:00
[2022-06-21 18:56:40,168] {standard_task_runner.py:52} INFO - Started process 1909 to run task
[2022-06-21 18:56:40,171] {standard_task_runner.py:79} INFO - Running: ['***', 'tasks', 'run', 'dag2_marketvol', 'download_data_tsla', 'scheduled__2022-06-20T19:30:00+00:00', '--job-id', '711', '--raw', '--subdir', 'DAGS_FOLDER/dag2_marketvol.py', '--cfg-path', '/tmp/tmp56faoagk', '--error-file', '/tmp/tmpux5_ezns']
[2022-06-21 18:56:40,172] {standard_task_runner.py:80} INFO - Job 711: Subtask download_data_tsla
[2022-06-21 18:56:40,231] {task_command.py:370} INFO - Running <TaskInstance: dag2_marketvol.download_data_tsla scheduled__2022-06-20T19:30:00+00:00 [running]> on host 208c06f6f3c7
[2022-06-21 18:56:40,308] {taskinstance.py:1571} INFO - Exporting the following env vars:
AIRFLOW_CTX_DAG_OWNER=***
AIRFLOW_CTX_DAG_ID=dag2_marketvol
AIRFLOW_CTX_TASK_ID=download_data_tsla
AIRFLOW_CTX_EXECUTION_DATE=2022-06-20T19:30:00+00:00
AIRFLOW_CTX_TRY_NUMBER=1
AIRFLOW_CTX_DAG_RUN_ID=scheduled__2022-06-20T19:30:00+00:00
[2022-06-21 18:56:40,621] {logging_mixin.py:115} INFO - [*********************100%***********************]  1 of 1 completed
[2022-06-21 18:56:40,621] {logging_mixin.py:115} INFO - /tmp/data/20220621/TSLA_20220621.csv
[2022-06-21 18:56:40,644] {python.py:173} INFO - Done. Returned value was: None
[2022-06-21 18:56:40,702] {taskinstance.py:1400} INFO - Marking task as SUCCESS. dag_id=dag2_marketvol, task_id=download_data_tsla, execution_date=20220620T193000, start_date=20220621T185640, end_date=20220621T185640
[2022-06-21 18:56:40,745] {local_task_job.py:156} INFO - Task exited with return code 0
[2022-06-21 18:56:40,796] {local_task_job.py:273} INFO - 1 downstream tasks scheduled from follow-on schedule check
